The system is: Windows - 10.0.19043 - AMD64
Compiling the C compiler identification source file "CMakeCCompilerId.c" succeeded.
Compiler: H:/Aplicaciones/Microsoft Visual Studio/2019/Community/VC/Tools/MSVC/14.28.29910/bin/Hostx64/x64/cl.exe 
Build flags: 
Id flags:  

The output was:
0
Compilador de optimización de C/C++ de Microsoft (R) versión 19.28.29912 para x64
(C) Microsoft Corporation. Todos los derechos reservados.

CMakeCCompilerId.c
Microsoft (R) Incremental Linker Version 14.28.29912.0
Copyright (C) Microsoft Corporation.  All rights reserved.

/out:CMakeCCompilerId.exe 
CMakeCCompilerId.obj 


Compilation of the C compiler identification source "CMakeCCompilerId.c" produced "CMakeCCompilerId.exe"

Compilation of the C compiler identification source "CMakeCCompilerId.c" produced "CMakeCCompilerId.obj"

The C compiler identification is MSVC, found in "D:/OneDrive - UNIVERSIDAD NACIONAL AUTÓNOMA DE MÉXICO/Ingeniería en Computación/8vo Semestre/Compu Grafica/Proyecto/ProyectoCG/include/glm/out/build/x64-Debug/CMakeFiles/3.19.20122902-MSVC_2/CompilerIdC/CMakeCCompilerId.exe"

Compiling the CXX compiler identification source file "CMakeCXXCompilerId.cpp" succeeded.
Compiler: H:/Aplicaciones/Microsoft Visual Studio/2019/Community/VC/Tools/MSVC/14.28.29910/bin/Hostx64/x64/cl.exe 
Build flags: 
Id flags:  

The output was:
0
Compilador de optimización de C/C++ de Microsoft (R) versión 19.28.29912 para x64
(C) Microsoft Corporation. Todos los derechos reservados.

CMakeCXXCompilerId.cpp
Microsoft (R) Incremental Linker Version 14.28.29912.0
Copyright (C) Microsoft Corporation.  All rights reserved.

/out:CMakeCXXCompilerId.exe 
CMakeCXXCompilerId.obj 


Compilation of the CXX compiler identification source "CMakeCXXCompilerId.cpp" produced "CMakeCXXCompilerId.exe"

Compilation of the CXX compiler identification source "CMakeCXXCompilerId.cpp" produced "CMakeCXXCompilerId.obj"

The CXX compiler identification is MSVC, found in "D:/OneDrive - UNIVERSIDAD NACIONAL AUTÓNOMA DE MÉXICO/Ingeniería en Computación/8vo Semestre/Compu Grafica/Proyecto/ProyectoCG/include/glm/out/build/x64-Debug/CMakeFiles/3.19.20122902-MSVC_2/CompilerIdCXX/CMakeCXXCompilerId.exe"

Detecting C compiler ABI info compiled with the following output:
Change Dir: D:/OneDrive - UNIVERSIDAD NACIONAL AUTÓNOMA DE MÉXICO/Ingeniería en Computación/8vo Semestre/Compu Grafica/Proyecto/ProyectoCG/include/glm/out/build/x64-Debug/CMakeFiles/CMakeTmp

Run Build Command(s):H:/Aplicaciones/Microsoft Visual Studio/2019/Community/Common7/IDE/CommonExtensions/Microsoft/CMake/Ninja/ninja.exe cmTC_93c44 && [1/2] Building C object CMakeFiles\cmTC_93c44.dir\CMakeCCompilerABI.c.obj
[2/2] Linking C executable cmTC_93c44.exe



Detecting CXX compiler ABI info compiled with the following output:
Change Dir: D:/OneDrive - UNIVERSIDAD NACIONAL AUTÓNOMA DE MÉXICO/Ingeniería en Computación/8vo Semestre/Compu Grafica/Proyecto/ProyectoCG/include/glm/out/build/x64-Debug/CMakeFiles/CMakeTmp

Run Build Command(s):H:/Aplicaciones/Microsoft Visual Studio/2019/Community/Common7/IDE/CommonExtensions/Microsoft/CMake/Ninja/ninja.exe cmTC_2a41c && [1/2] Building CXX object CMakeFiles\cmTC_2a41c.dir\CMakeCXXCompilerABI.cpp.obj
[2/2] Linking CXX executable cmTC_2a41c.exe



